mode: set
github.com/Nidal-Bakir/first_go/main.go:8.13,20.2 6 0
github.com/Nidal-Bakir/first_go/realip.go:35.47,36.16 1 0
github.com/Nidal-Bakir/first_go/realip.go:36.16,37.48 1 0
github.com/Nidal-Bakir/first_go/realip.go:39.2,39.14 1 0
github.com/Nidal-Bakir/first_go/realip.go:55.61,57.2 1 0
github.com/Nidal-Bakir/first_go/realip.go:64.84,65.44 1 0
github.com/Nidal-Bakir/first_go/realip.go:65.44,67.19 2 0
github.com/Nidal-Bakir/first_go/realip.go:67.19,69.4 1 0
github.com/Nidal-Bakir/first_go/realip.go:71.2,71.11 1 0
github.com/Nidal-Bakir/first_go/realip.go:74.44,77.37 3 0
github.com/Nidal-Bakir/first_go/realip.go:77.37,78.12 1 0
github.com/Nidal-Bakir/first_go/realip.go:78.12,80.4 1 0
github.com/Nidal-Bakir/first_go/realip.go:81.3,81.44 1 0
github.com/Nidal-Bakir/first_go/realip.go:83.2,84.19 2 0
github.com/Nidal-Bakir/first_go/realip.go:98.83,100.19 2 0
github.com/Nidal-Bakir/first_go/realip.go:100.19,102.3 1 0
github.com/Nidal-Bakir/first_go/realip.go:104.2,104.24 1 0
github.com/Nidal-Bakir/first_go/realip.go:120.83,121.22 1 0
github.com/Nidal-Bakir/first_go/realip.go:121.22,123.3 1 0
github.com/Nidal-Bakir/first_go/realip.go:127.2,129.66 2 0
github.com/Nidal-Bakir/first_go/realip.go:129.66,131.3 1 0
github.com/Nidal-Bakir/first_go/realip.go:133.2,133.60 1 0
github.com/Nidal-Bakir/first_go/realip.go:140.84,148.17 2 0
github.com/Nidal-Bakir/first_go/realip.go:148.17,151.3 1 0
github.com/Nidal-Bakir/first_go/realip.go:153.2,154.19 2 0
github.com/Nidal-Bakir/first_go/realip.go:154.19,157.3 1 0
github.com/Nidal-Bakir/first_go/realip.go:159.2,159.24 1 0
github.com/Nidal-Bakir/first_go/realip.go:173.91,174.22 1 0
github.com/Nidal-Bakir/first_go/realip.go:174.22,176.3 1 0
github.com/Nidal-Bakir/first_go/realip.go:180.2,182.66 2 0
github.com/Nidal-Bakir/first_go/realip.go:182.66,184.3 1 0
github.com/Nidal-Bakir/first_go/realip.go:186.2,186.64 1 0
github.com/Nidal-Bakir/first_go/realip.go:193.88,195.29 2 0
github.com/Nidal-Bakir/first_go/realip.go:195.29,196.44 1 0
github.com/Nidal-Bakir/first_go/realip.go:196.44,199.4 1 0
github.com/Nidal-Bakir/first_go/realip.go:203.2,203.11 1 0
github.com/Nidal-Bakir/first_go/realip.go:216.93,217.22 1 0
github.com/Nidal-Bakir/first_go/realip.go:217.22,219.3 1 0
github.com/Nidal-Bakir/first_go/realip.go:223.2,225.66 2 0
github.com/Nidal-Bakir/first_go/realip.go:225.66,227.3 1 0
github.com/Nidal-Bakir/first_go/realip.go:229.2,229.65 1 0
github.com/Nidal-Bakir/first_go/realip.go:236.89,239.41 2 0
github.com/Nidal-Bakir/first_go/realip.go:239.41,240.60 1 0
github.com/Nidal-Bakir/first_go/realip.go:240.60,243.4 1 0
github.com/Nidal-Bakir/first_go/realip.go:247.2,247.11 1 0
github.com/Nidal-Bakir/first_go/realip.go:264.115,265.22 1 0
github.com/Nidal-Bakir/first_go/realip.go:265.22,267.3 1 0
github.com/Nidal-Bakir/first_go/realip.go:269.2,269.23 1 0
github.com/Nidal-Bakir/first_go/realip.go:269.23,271.3 1 0
github.com/Nidal-Bakir/first_go/realip.go:275.2,277.66 2 0
github.com/Nidal-Bakir/first_go/realip.go:277.66,279.3 1 0
github.com/Nidal-Bakir/first_go/realip.go:281.2,281.95 1 0
github.com/Nidal-Bakir/first_go/realip.go:288.91,296.21 4 0
github.com/Nidal-Bakir/first_go/realip.go:296.21,299.3 1 0
github.com/Nidal-Bakir/first_go/realip.go:301.2,303.21 2 0
github.com/Nidal-Bakir/first_go/realip.go:303.21,307.3 1 0
github.com/Nidal-Bakir/first_go/realip.go:309.2,309.26 1 0
github.com/Nidal-Bakir/first_go/realip.go:319.72,321.27 2 0
github.com/Nidal-Bakir/first_go/realip.go:321.27,322.31 1 0
github.com/Nidal-Bakir/first_go/realip.go:322.31,324.4 1 0
github.com/Nidal-Bakir/first_go/realip.go:326.3,326.31 1 0
github.com/Nidal-Bakir/first_go/realip.go:326.31,329.18 2 0
github.com/Nidal-Bakir/first_go/realip.go:329.18,331.5 1 0
github.com/Nidal-Bakir/first_go/realip.go:332.4,332.35 1 0
github.com/Nidal-Bakir/first_go/realip.go:333.9,336.17 2 0
github.com/Nidal-Bakir/first_go/realip.go:336.17,338.5 1 0
github.com/Nidal-Bakir/first_go/realip.go:342.4,342.37 1 0
github.com/Nidal-Bakir/first_go/realip.go:342.37,344.5 1 0
github.com/Nidal-Bakir/first_go/realip.go:347.4,351.6 2 0
github.com/Nidal-Bakir/first_go/realip.go:355.2,355.20 1 0
github.com/Nidal-Bakir/first_go/realip.go:378.124,379.22 1 0
github.com/Nidal-Bakir/first_go/realip.go:379.22,381.3 1 0
github.com/Nidal-Bakir/first_go/realip.go:385.2,387.66 2 0
github.com/Nidal-Bakir/first_go/realip.go:387.66,389.3 1 0
github.com/Nidal-Bakir/first_go/realip.go:391.2,391.97 1 0
github.com/Nidal-Bakir/first_go/realip.go:398.91,401.41 2 0
github.com/Nidal-Bakir/first_go/realip.go:401.41,402.85 1 0
github.com/Nidal-Bakir/first_go/realip.go:402.85,404.12 1 0
github.com/Nidal-Bakir/first_go/realip.go:409.3,409.24 1 0
github.com/Nidal-Bakir/first_go/realip.go:409.24,411.4 1 0
github.com/Nidal-Bakir/first_go/realip.go:413.3,413.29 1 0
github.com/Nidal-Bakir/first_go/realip.go:417.2,417.11 1 0
github.com/Nidal-Bakir/first_go/realip.go:420.60,423.40 3 0
github.com/Nidal-Bakir/first_go/realip.go:423.40,424.12 1 0
github.com/Nidal-Bakir/first_go/realip.go:424.12,426.4 1 0
github.com/Nidal-Bakir/first_go/realip.go:427.3,427.28 1 0
github.com/Nidal-Bakir/first_go/realip.go:429.2,430.19 2 0
github.com/Nidal-Bakir/first_go/realip.go:440.64,443.30 2 0
github.com/Nidal-Bakir/first_go/realip.go:443.30,446.3 1 0
github.com/Nidal-Bakir/first_go/realip.go:448.2,448.32 1 0
github.com/Nidal-Bakir/first_go/realip.go:454.74,462.40 2 0
github.com/Nidal-Bakir/first_go/realip.go:462.40,464.53 1 0
github.com/Nidal-Bakir/first_go/realip.go:464.53,471.34 3 0
github.com/Nidal-Bakir/first_go/realip.go:471.34,473.5 1 0
github.com/Nidal-Bakir/first_go/realip.go:473.10,475.5 1 0
github.com/Nidal-Bakir/first_go/realip.go:478.4,478.35 1 0
github.com/Nidal-Bakir/first_go/realip.go:488.2,488.15 1 0
github.com/Nidal-Bakir/first_go/realip.go:493.53,505.30 3 0
github.com/Nidal-Bakir/first_go/realip.go:505.30,510.24 3 0
github.com/Nidal-Bakir/first_go/realip.go:510.24,512.12 1 0
github.com/Nidal-Bakir/first_go/realip.go:515.3,515.43 1 0
github.com/Nidal-Bakir/first_go/realip.go:515.43,518.9 2 0
github.com/Nidal-Bakir/first_go/realip.go:524.2,534.19 3 0
github.com/Nidal-Bakir/first_go/realip.go:534.19,537.3 1 0
github.com/Nidal-Bakir/first_go/realip.go:539.2,540.19 2 0
github.com/Nidal-Bakir/first_go/realip.go:540.19,543.3 1 0
github.com/Nidal-Bakir/first_go/realip.go:545.2,545.15 1 0
github.com/Nidal-Bakir/first_go/realip.go:551.52,553.16 2 0
github.com/Nidal-Bakir/first_go/realip.go:553.16,555.3 1 0
github.com/Nidal-Bakir/first_go/realip.go:562.2,571.19 4 0
github.com/Nidal-Bakir/first_go/realip.go:571.19,573.3 1 0
github.com/Nidal-Bakir/first_go/realip.go:575.2,575.17 1 0
github.com/Nidal-Bakir/first_go/realip.go:579.47,581.16 2 0
github.com/Nidal-Bakir/first_go/realip.go:581.16,582.52 1 0
github.com/Nidal-Bakir/first_go/realip.go:584.2,584.15 1 0
github.com/Nidal-Bakir/first_go/realip.go:591.43,593.16 2 0
github.com/Nidal-Bakir/first_go/realip.go:593.16,595.3 1 0
github.com/Nidal-Bakir/first_go/realip.go:597.2,597.31 1 0
github.com/Nidal-Bakir/first_go/realip.go:597.31,599.3 1 0
github.com/Nidal-Bakir/first_go/realip.go:601.2,601.16 1 0
github.com/Nidal-Bakir/first_go/realip.go:606.50,611.47 1 0
github.com/Nidal-Bakir/first_go/realip.go:611.47,613.3 1 0
github.com/Nidal-Bakir/first_go/realip.go:613.8,615.3 1 0
github.com/Nidal-Bakir/first_go/realip.go:616.2,616.8 1 0
github.com/Nidal-Bakir/first_go/realip.go:620.40,622.16 2 0
github.com/Nidal-Bakir/first_go/realip.go:622.16,623.13 1 0
github.com/Nidal-Bakir/first_go/realip.go:625.2,625.15 1 0
github.com/Nidal-Bakir/first_go/realip.go:662.64,663.27 1 0
github.com/Nidal-Bakir/first_go/realip.go:663.27,664.21 1 0
github.com/Nidal-Bakir/first_go/realip.go:664.21,666.4 1 0
github.com/Nidal-Bakir/first_go/realip.go:668.2,668.14 1 0
github.com/Nidal-Bakir/first_go/realip.go:673.39,675.2 1 0
github.com/Nidal-Bakir/first_go/realip.go:684.53,685.40 1 0
github.com/Nidal-Bakir/first_go/realip.go:685.40,686.55 1 0
github.com/Nidal-Bakir/first_go/realip.go:689.2,690.20 2 0
github.com/Nidal-Bakir/first_go/realip.go:690.20,692.3 1 0
github.com/Nidal-Bakir/first_go/realip.go:694.2,694.16 1 0
github.com/Nidal-Bakir/first_go/realip.go:694.16,696.3 1 0
github.com/Nidal-Bakir/first_go/realip.go:698.2,698.19 1 0
github.com/Nidal-Bakir/first_go/realip.go:698.19,700.3 1 0
github.com/Nidal-Bakir/first_go/realip.go:702.2,702.25 1 0
github.com/Nidal-Bakir/first_go/realip.go:702.25,704.3 1 0
github.com/Nidal-Bakir/first_go/realip.go:706.2,706.24 1 0
github.com/Nidal-Bakir/first_go/pkg/adder/adder.go:17.27,19.2 1 1
github.com/Nidal-Bakir/first_go/pkg/adder/adder.go:21.47,22.12 1 1
github.com/Nidal-Bakir/first_go/pkg/adder/adder.go:23.12,24.22 1 1
github.com/Nidal-Bakir/first_go/pkg/adder/adder.go:25.11,26.22 1 1
github.com/Nidal-Bakir/first_go/pkg/adder/adder.go:27.11,28.22 1 1
github.com/Nidal-Bakir/first_go/pkg/adder/adder.go:29.11,30.14 1 1
github.com/Nidal-Bakir/first_go/pkg/adder/adder.go:30.14,32.4 1 1
github.com/Nidal-Bakir/first_go/pkg/adder/adder.go:33.3,33.22 1 1
github.com/Nidal-Bakir/first_go/pkg/adder/adder.go:34.10,35.63 1 1
github.com/Nidal-Bakir/first_go/pkg/post/post.go:11.85,19.16 3 0
github.com/Nidal-Bakir/first_go/pkg/post/post.go:19.16,23.3 3 0
github.com/Nidal-Bakir/first_go/pkg/post/post.go:25.2,26.15 2 0
github.com/Nidal-Bakir/first_go/pkg/tracker/tracker.go:16.81,18.2 1 0
github.com/Nidal-Bakir/first_go/pkg/tracker/tracker.go:20.64,23.2 2 0
github.com/Nidal-Bakir/first_go/pkg/tracker/tracker.go:25.72,27.2 1 0
github.com/Nidal-Bakir/first_go/pkg/tracker/tracker.go:29.60,32.2 2 0
github.com/Nidal-Bakir/first_go/pkg/tracker/tracker.go:34.74,36.2 1 0
github.com/Nidal-Bakir/first_go/pkg/tracker/tracker.go:38.62,41.2 2 0
github.com/Nidal-Bakir/first_go/pkg/middleware/middleware.go:19.78,22.16 2 0
github.com/Nidal-Bakir/first_go/pkg/middleware/middleware.go:22.16,24.3 1 0
github.com/Nidal-Bakir/first_go/pkg/middleware/middleware.go:25.2,26.44 2 0
github.com/Nidal-Bakir/first_go/pkg/middleware/middleware.go:29.50,30.71 1 0
github.com/Nidal-Bakir/first_go/pkg/middleware/middleware.go:30.71,32.17 2 0
github.com/Nidal-Bakir/first_go/pkg/middleware/middleware.go:32.17,33.40 1 0
github.com/Nidal-Bakir/first_go/pkg/middleware/middleware.go:33.40,36.5 2 0
github.com/Nidal-Bakir/first_go/pkg/middleware/middleware.go:37.4,39.10 3 0
github.com/Nidal-Bakir/first_go/pkg/middleware/middleware.go:42.3,43.20 2 0
github.com/Nidal-Bakir/first_go/pkg/middleware/middleware.go:47.122,48.54 1 0
github.com/Nidal-Bakir/first_go/pkg/middleware/middleware.go:48.54,50.10 2 0
github.com/Nidal-Bakir/first_go/pkg/middleware/middleware.go:50.10,54.4 3 0
github.com/Nidal-Bakir/first_go/pkg/middleware/middleware.go:55.3,55.22 1 0
github.com/Nidal-Bakir/first_go/pkg/middleware/middleware.go:59.57,60.71 1 0
github.com/Nidal-Bakir/first_go/pkg/middleware/middleware.go:60.71,66.20 4 0
github.com/Nidal-Bakir/first_go/pkg/middleware/middleware.go:66.20,68.4 1 0
github.com/Nidal-Bakir/first_go/pkg/middleware/middleware.go:68.9,69.49 1 0
github.com/Nidal-Bakir/first_go/pkg/middleware/middleware.go:69.49,71.5 1 0
github.com/Nidal-Bakir/first_go/pkg/middleware/middleware.go:71.10,74.5 2 0
github.com/Nidal-Bakir/first_go/pkg/middleware/middleware.go:77.3,78.37 2 0
github.com/Nidal-Bakir/first_go/pkg/middleware/middleware.go:82.54,83.71 1 0
github.com/Nidal-Bakir/first_go/pkg/middleware/middleware.go:83.71,85.34 2 0
github.com/Nidal-Bakir/first_go/pkg/middleware/middleware.go:85.34,87.4 1 0
github.com/Nidal-Bakir/first_go/pkg/middleware/middleware.go:88.3,88.37 1 0
github.com/Nidal-Bakir/first_go/pkg/middleware/middleware.go:92.39,95.60 2 0
github.com/Nidal-Bakir/first_go/pkg/middleware/middleware.go:95.60,97.3 1 0
github.com/Nidal-Bakir/first_go/pkg/middleware/middleware.go:97.8,97.62 1 0
github.com/Nidal-Bakir/first_go/pkg/middleware/middleware.go:97.62,99.3 1 0
github.com/Nidal-Bakir/first_go/pkg/middleware/middleware.go:99.8,99.68 1 0
github.com/Nidal-Bakir/first_go/pkg/middleware/middleware.go:99.68,101.14 2 0
github.com/Nidal-Bakir/first_go/pkg/middleware/middleware.go:101.14,103.4 1 0
github.com/Nidal-Bakir/first_go/pkg/middleware/middleware.go:104.3,104.37 1 0
github.com/Nidal-Bakir/first_go/pkg/middleware/middleware.go:107.2,107.19 1 0
github.com/Nidal-Bakir/first_go/pkg/middleware/middleware.go:107.19,109.3 1 0
github.com/Nidal-Bakir/first_go/pkg/middleware/middleware.go:111.2,111.11 1 0
github.com/Nidal-Bakir/first_go/pkg/middleware/middleware.go:114.52,115.71 1 0
github.com/Nidal-Bakir/first_go/pkg/middleware/middleware.go:115.71,119.41 3 0
github.com/Nidal-Bakir/first_go/pkg/middleware/middleware.go:119.41,121.4 1 0
github.com/Nidal-Bakir/first_go/pkg/middleware/middleware.go:123.3,123.37 1 0
github.com/Nidal-Bakir/first_go/pkg/middleware/middleware.go:127.41,129.12 2 0
github.com/Nidal-Bakir/first_go/pkg/middleware/middleware.go:129.12,131.3 1 0
github.com/Nidal-Bakir/first_go/pkg/middleware/middleware.go:133.2,138.23 4 0
github.com/Nidal-Bakir/first_go/pkg/middleware/middleware.go:138.23,140.3 1 0
github.com/Nidal-Bakir/first_go/pkg/middleware/middleware.go:140.8,142.3 1 0
github.com/Nidal-Bakir/first_go/pkg/middleware/middleware.go:144.2,145.23 2 0
github.com/Nidal-Bakir/first_go/pkg/middleware/middleware.go:145.23,147.3 1 0
github.com/Nidal-Bakir/first_go/pkg/middleware/middleware.go:149.2,149.11 1 0
github.com/Nidal-Bakir/first_go/pkg/middleware/middleware.go:151.32,153.2 1 0
github.com/Nidal-Bakir/first_go/pkg/middleware/middleware.go:155.49,157.2 1 0
github.com/Nidal-Bakir/first_go/pkg/user/user.go:15.75,17.2 1 0
github.com/Nidal-Bakir/first_go/pkg/user/user.go:19.61,22.2 2 0
